<?xml version="1.0" encoding="UTF-8"?><testsuite errors="0" failures="0" name="ui.swagger.categoriesinfo.CategoriesCurdInfo" skipped="0" tests="4" time="5.97" timestamp="2022-06-06T23:27:38.837+01:00[Europe/London]"><testcase classname="ui.swagger.categoriesinfo.CategoriesCurdInfo" name="This will create categories"/><testcase classname="ui.swagger.categoriesinfo.CategoriesCurdInfo" name="This will fatch single category"/><testcase classname="ui.swagger.categoriesinfo.CategoriesCurdInfo" name="This will update category"/><testcase classname="ui.swagger.categoriesinfo.CategoriesCurdInfo" name="This will delete category"/></testsuite>