<?xml version="1.0" encoding="UTF-8"?><testsuite errors="0" failures="0" name="ui.swagger.storeinfo.StoreCurdInfo" skipped="0" tests="4" time="0.3" timestamp="2022-06-06T23:27:48.970+01:00[Europe/London]"><testcase classname="ui.swagger.storeinfo.StoreCurdInfo" name="create a store detail"/><testcase classname="ui.swagger.storeinfo.StoreCurdInfo" name="Get single store detail"/><testcase classname="ui.swagger.storeinfo.StoreCurdInfo" name="this will update store detail"/><testcase classname="ui.swagger.storeinfo.StoreCurdInfo" name="this will delete store detail"/></testsuite>