<?xml version="1.0" encoding="UTF-8"?><testsuite errors="0" failures="0" name="ui.swagger.serviceinfo.ServiceCurdInfo" skipped="0" tests="4" time="0.29" timestamp="2022-06-06T23:27:48.599+01:00[Europe/London]"><testcase classname="ui.swagger.serviceinfo.ServiceCurdInfo" name="this will create service"/><testcase classname="ui.swagger.serviceinfo.ServiceCurdInfo" name="This will fatch single service"/><testcase classname="ui.swagger.serviceinfo.ServiceCurdInfo" name="This will update service"/><testcase classname="ui.swagger.serviceinfo.ServiceCurdInfo" name="This will delete the service"/></testsuite>