<?xml version="1.0" encoding="UTF-8"?><testsuite errors="0" failures="0" name="ui.swagger.prodcutinfo.ProductCurdTest" skipped="0" tests="4" time="1.08" timestamp="2022-06-06T23:27:47.419+01:00[Europe/London]"><testcase classname="ui.swagger.prodcutinfo.ProductCurdTest" name="this will create new product "/><testcase classname="ui.swagger.prodcutinfo.ProductCurdTest" name="This will Get the product by id "/><testcase classname="ui.swagger.prodcutinfo.ProductCurdTest" name="this will update  product "/><testcase classname="ui.swagger.prodcutinfo.ProductCurdTest" name="This will delete product "/></testsuite>